[Fri, 18 Aug 17 05:52:32 +0000][INFO] SQL Statement: SELECT IF(COUNT(*) > 0, 1, 0) FROM `INFORMATION_SCHEMA`.`TABLES` WHERE `TABLE_NAME`= 'user' AND `TABLE_SCHEMA` = 'test'
Start Time: 1503035552.5401
Final Time: 1503035552.5411
Total Elapsed Time: 0.00099992752075195

[Fri, 18 Aug 17 05:52:32 +0000][INFO] SQL Statement: SELECT IF(COUNT(*) > 0, 1, 0) FROM `INFORMATION_SCHEMA`.`TABLES` WHERE `TABLE_NAME`= 'user' AND `TABLE_SCHEMA` = 'test'
Start Time: 1503035552.5401
Final Time: 1503035552.5411
Total Elapsed Time: 0.00099992752075195

[Fri, 18 Aug 17 05:52:32 +0000][INFO] SQL Statement: DESCRIBE `test`.`user`
Start Time: 1503035552.5411
Final Time: 1503035552.5531
Total Elapsed Time: 0.012001037597656

[Fri, 18 Aug 17 05:52:32 +0000][INFO] SQL Statement: SELECT IF(COUNT(*) > 0, 1, 0) FROM `INFORMATION_SCHEMA`.`TABLES` WHERE `TABLE_NAME`= 'user' AND `TABLE_SCHEMA` = 'test'
Start Time: 1503035552.5401
Final Time: 1503035552.5411
Total Elapsed Time: 0.00099992752075195

[Fri, 18 Aug 17 05:52:32 +0000][INFO] SQL Statement: DESCRIBE `test`.`user`
Start Time: 1503035552.5411
Final Time: 1503035552.5531
Total Elapsed Time: 0.012001037597656

[Fri, 18 Aug 17 05:52:32 +0000][INFO] SQL Statement: SELECT `user`.`id`, `user`.`sex`, `user`.`name`, `user`.`username`, `user`.`password`, `user`.`email`, `user`.`number` FROM `test`.`user` WHERE `user`.`id` = :0 LIMIT :APL0
Start Time: 1503035552.5541
Final Time: 1503035552.5541
Total Elapsed Time: 0

[Fri, 18 Aug 17 06:05:13 +0000][INFO] SQL Statement: SELECT IF(COUNT(*) > 0, 1, 0) FROM `INFORMATION_SCHEMA`.`TABLES` WHERE `TABLE_NAME`= 'user' AND `TABLE_SCHEMA` = 'test'
Start Time: 1503036313.1927
Final Time: 1503036313.1937
Total Elapsed Time: 0.00099992752075195

[Fri, 18 Aug 17 06:05:13 +0000][INFO] SQL Statement: SELECT IF(COUNT(*) > 0, 1, 0) FROM `INFORMATION_SCHEMA`.`TABLES` WHERE `TABLE_NAME`= 'user' AND `TABLE_SCHEMA` = 'test'
Start Time: 1503036313.1927
Final Time: 1503036313.1937
Total Elapsed Time: 0.00099992752075195

[Fri, 18 Aug 17 06:05:13 +0000][INFO] SQL Statement: DESCRIBE `test`.`user`
Start Time: 1503036313.1957
Final Time: 1503036313.2097
Total Elapsed Time: 0.01400089263916

[Fri, 18 Aug 17 06:05:13 +0000][INFO] SQL Statement: SELECT IF(COUNT(*) > 0, 1, 0) FROM `INFORMATION_SCHEMA`.`TABLES` WHERE `TABLE_NAME`= 'user' AND `TABLE_SCHEMA` = 'test'
Start Time: 1503036313.1927
Final Time: 1503036313.1937
Total Elapsed Time: 0.00099992752075195

[Fri, 18 Aug 17 06:05:13 +0000][INFO] SQL Statement: DESCRIBE `test`.`user`
Start Time: 1503036313.1957
Final Time: 1503036313.2097
Total Elapsed Time: 0.01400089263916

[Fri, 18 Aug 17 06:05:13 +0000][INFO] SQL Statement: SELECT `user`.`id`, `user`.`sex`, `user`.`name`, `user`.`username`, `user`.`password`, `user`.`email`, `user`.`number` FROM `test`.`user` WHERE `user`.`id` = :0 LIMIT :APL0
Start Time: 1503036313.2117
Final Time: 1503036313.2127
Total Elapsed Time: 0.00099992752075195

